

Processing ProductsController#index (for 127.0.0.1 at 2016-05-25 10:46:58) [GET]
  [4;36;1mProduct Load (0.0ms)[0m   [0;1mSQLite3::SQLException: no such table: products: SELECT * FROM "products" [0m

ActiveRecord::StatementInvalid (SQLite3::SQLException: no such table: products: SELECT * FROM "products" ):
  app/controllers/products_controller.rb:5:in `index'

Rendered rescues/_trace (81.4ms)
Rendered rescues/_request_and_response (1.7ms)
Rendering rescues/layout (internal_server_error)
  [4;36;1mSQL (0.3ms)[0m   [0;1m SELECT name
 FROM sqlite_master
 WHERE type = 'table' AND NOT name = 'sqlite_sequence'
[0m
  [4;35;1mSQL (0.5ms)[0m   [0mselect sqlite_version(*)[0m
  [4;36;1mSQL (1.0ms)[0m   [0;1mCREATE TABLE "schema_migrations" ("version" varchar(255) NOT NULL) [0m
  [4;35;1mSQL (0.1ms)[0m   [0mPRAGMA index_list("schema_migrations")[0m
  [4;36;1mSQL (0.8ms)[0m   [0;1mCREATE UNIQUE INDEX "unique_schema_migrations" ON "schema_migrations" ("version")[0m
  [4;35;1mSQL (0.1ms)[0m   [0m SELECT name
 FROM sqlite_master
 WHERE type = 'table' AND NOT name = 'sqlite_sequence'
[0m
  [4;36;1mSQL (0.1ms)[0m   [0;1mSELECT version FROM schema_migrations[0m
Migrating to CreateProducts (20160525174557)
  [4;35;1mSQL (0.3ms)[0m   [0mCREATE TABLE "products" ("id" INTEGER PRIMARY KEY AUTOINCREMENT NOT NULL, "title" varchar(255), "description" text, "image_url" varchar(255), "created_at" datetime, "updated_at" datetime) [0m
  [4;36;1mSQL (0.1ms)[0m   [0;1mINSERT INTO schema_migrations (version) VALUES ('20160525174557')[0m
  [4;35;1mSQL (0.1ms)[0m   [0m SELECT name
 FROM sqlite_master
 WHERE type = 'table' AND NOT name = 'sqlite_sequence'
[0m
  [4;36;1mSQL (0.1ms)[0m   [0;1mSELECT version FROM schema_migrations[0m
  [4;35;1mSQL (0.1ms)[0m   [0m SELECT name
 FROM sqlite_master
 WHERE type = 'table' AND NOT name = 'sqlite_sequence'
[0m
  [4;36;1mSQL (0.0ms)[0m   [0;1mPRAGMA index_list("products")[0m


Processing ProductsController#index (for 127.0.0.1 at 2016-05-25 10:47:26) [GET]
  [4;36;1mProduct Load (0.3ms)[0m   [0;1mSELECT * FROM "products" [0m
Rendering template within layouts/products
Rendering products/index
Completed in 35ms (View: 32, DB: 0) | 200 OK [http://localhost/products]


Processing ProductsController#index (for 127.0.0.1 at 2016-05-25 10:47:27) [GET]
  [4;35;1mProduct Load (0.3ms)[0m   [0mSELECT * FROM "products" [0m
Rendering template within layouts/products
Rendering products/index
Completed in 5ms (View: 1, DB: 0) | 200 OK [http://localhost/products]


Processing ProductsController#new (for 127.0.0.1 at 2016-05-25 10:47:38) [GET]
Rendering template within layouts/products
Rendering products/new
Completed in 13ms (View: 10, DB: 0) | 200 OK [http://localhost/products/new]


Processing ProductsController#create (for 127.0.0.1 at 2016-05-25 10:47:47) [POST]
  Parameters: {"commit"=>"Create", "product"=>{"description"=>"hoho", "title"=>"test", "image_url"=>""}, "authenticity_token"=>"7vfFZ0WVGDJ9nTGg7EU7jhBNkbS+EhmumTyLZfLpa58="}
  [4;36;1mProduct Create (0.9ms)[0m   [0;1mINSERT INTO "products" ("description", "updated_at", "created_at", "title", "image_url") VALUES('hoho', '2016-05-25 17:47:47', '2016-05-25 17:47:47', 'test', '')[0m
Redirected to http://localhost:3000/products/1
Completed in 7ms (DB: 1) | 302 Found [http://localhost/products]


Processing ProductsController#show (for 127.0.0.1 at 2016-05-25 10:47:47) [GET]
  Parameters: {"id"=>"1"}
  [4;35;1mProduct Load (0.2ms)[0m   [0mSELECT * FROM "products" WHERE ("products"."id" = 1) [0m
Rendering template within layouts/products
Rendering products/show
Completed in 8ms (View: 4, DB: 0) | 200 OK [http://localhost/products/1]


Processing ProductsController#index to json (for 127.0.0.1 at 2016-05-25 10:47:57) [GET]
  [4;36;1mProduct Load (0.3ms)[0m   [0;1mSELECT * FROM "products" [0m
Completed in 3ms (View: 0, DB: 0) | 406 Not Acceptable [http://localhost/products.json]


Processing ProductsController#index (for 127.0.0.1 at 2016-05-25 10:48:05) [GET]
  [4;35;1mProduct Load (0.4ms)[0m   [0mSELECT * FROM "products" [0m
Rendering template within layouts/products
Rendering products/index
Completed in 55ms (View: 52, DB: 0) | 200 OK [http://localhost/products]
